# JRE version: Java(TM) SE Runtime Environment (8.0_77-b03) (build 1.8.0_77-b03)
# Java VM: Java HotSpot(TM) 64-Bit Server VM (25.77-b03 mixed mode windows-amd64 compressed oops)
Heap:
 PSYoungGen      total 68096K, used 7692K [0x00000000eb400000, 0x00000000f4800000, 0x0000000100000000)
  eden space 65536K, 11% used [0x00000000eb400000,0x00000000ebb83290,0x00000000ef400000)
  from space 2560K, 0% used [0x00000000ef400000,0x00000000ef400000,0x00000000ef680000)
  to   space 10240K, 0% used [0x00000000f3e00000,0x00000000f3e00000,0x00000000f4800000)
 ParOldGen       total 38400K, used 9047K [0x00000000c1c00000, 0x00000000c4180000, 0x00000000eb400000)
  object space 38400K, 23% used [0x00000000c1c00000,0x00000000c24d5c20,0x00000000c4180000)
 Metaspace       used 21163K, capacity 21524K, committed 21808K, reserved 1069056K
  class space    used 2548K, capacity 2642K, committed 2688K, reserved 1048576K
GC Heap History (10 events):
Event: 2.650 GC heap before
{Heap before GC invocations=2 (full 0):
 PSYoungGen      total 18944K, used 18918K [0x00000000eb400000, 0x00000000ed900000, 0x0000000100000000)
  eden space 16384K, 99% used [0x00000000eb400000,0x00000000ec3fe1b0,0x00000000ec400000)
  from space 2560K, 99% used [0x00000000ec400000,0x00000000ec67b878,0x00000000ec680000)
  to   space 2560K, 0% used [0x00000000ed680000,0x00000000ed680000,0x00000000ed900000)
 ParOldGen       total 44032K, used 459K [0x00000000c1c00000, 0x00000000c4700000, 0x00000000eb400000)
  object space 44032K, 1% used [0x00000000c1c00000,0x00000000c1c72e08,0x00000000c4700000)
 Metaspace       used 6318K, capacity 6434K, committed 6656K, reserved 1056768K
  class space    used 735K, capacity 759K, committed 768K, reserved 1048576K
Event: 2.672 GC heap after
Heap after GC invocations=2 (full 0):
 PSYoungGen      total 35328K, used 2534K [0x00000000eb400000, 0x00000000ed900000, 0x0000000100000000)
  eden space 32768K, 0% used [0x00000000eb400000,0x00000000eb400000,0x00000000ed400000)
  from space 2560K, 99% used [0x00000000ed680000,0x00000000ed8f9a90,0x00000000ed900000)
  to   space 2560K, 0% used [0x00000000ed400000,0x00000000ed400000,0x00000000ed680000)
 ParOldGen       total 44032K, used 467K [0x00000000c1c00000, 0x00000000c4700000, 0x00000000eb400000)
  object space 44032K, 1% used [0x00000000c1c00000,0x00000000c1c74e08,0x00000000c4700000)
 Metaspace       used 6318K, capacity 6434K, committed 6656K, reserved 1056768K
  class space    used 735K, capacity 759K, committed 768K, reserved 1048576K
}
Event: 4.276 GC heap before
{Heap before GC invocations=3 (full 0):
 PSYoungGen      total 35328K, used 35302K [0x00000000eb400000, 0x00000000ed900000, 0x0000000100000000)
  eden space 32768K, 100% used [0x00000000eb400000,0x00000000ed400000,0x00000000ed400000)
  from space 2560K, 99% used [0x00000000ed680000,0x00000000ed8f9a90,0x00000000ed900000)
  to   space 2560K, 0% used [0x00000000ed400000,0x00000000ed400000,0x00000000ed680000)
 ParOldGen       total 44032K, used 467K [0x00000000c1c00000, 0x00000000c4700000, 0x00000000eb400000)
  object space 44032K, 1% used [0x00000000c1c00000,0x00000000c1c74e08,0x00000000c4700000)
 Metaspace       used 9177K, capacity 9390K, committed 9600K, reserved 1058816K
  class space    used 1106K, capacity 1146K, committed 1152K, reserved 1048576K
Event: 4.299 GC heap after
Heap after GC invocations=3 (full 0):
 PSYoungGen      total 35328K, used 2552K [0x00000000eb400000, 0x00000000ef900000, 0x0000000100000000)
  eden space 32768K, 0% used [0x00000000eb400000,0x00000000eb400000,0x00000000ed400000)
  from space 2560K, 99% used [0x00000000ed400000,0x00000000ed67e010,0x00000000ed680000)
  to   space 2560K, 0% used [0x00000000ef680000,0x00000000ef680000,0x00000000ef900000)
 ParOldGen       total 44032K, used 2466K [0x00000000c1c00000, 0x00000000c4700000, 0x00000000eb400000)
  object space 44032K, 5% used [0x00000000c1c00000,0x00000000c1e688d8,0x00000000c4700000)
 Metaspace       used 9177K, capacity 9390K, committed 9600K, reserved 1058816K
  class space    used 1106K, capacity 1146K, committed 1152K, reserved 1048576K
}
Event: 5.282 GC heap before
{Heap before GC invocations=4 (full 0):
 PSYoungGen      total 35328K, used 35320K [0x00000000eb400000, 0x00000000ef900000, 0x0000000100000000)
  eden space 32768K, 100% used [0x00000000eb400000,0x00000000ed400000,0x00000000ed400000)
  from space 2560K, 99% used [0x00000000ed400000,0x00000000ed67e010,0x00000000ed680000)
  to   space 2560K, 0% used [0x00000000ef680000,0x00000000ef680000,0x00000000ef900000)
 ParOldGen       total 44032K, used 2466K [0x00000000c1c00000, 0x00000000c4700000, 0x00000000eb400000)
  object space 44032K, 5% used [0x00000000c1c00000,0x00000000c1e688d8,0x00000000c4700000)
 Metaspace       used 13520K, capacity 13678K, committed 13824K, reserved 1060864K
  class space    used 1679K, capacity 1722K, committed 1792K, reserved 1048576K
Event: 5.310 GC heap after
Heap after GC invocations=4 (full 0):
 PSYoungGen      total 68096K, used 2556K [0x00000000eb400000, 0x00000000ef900000, 0x0000000100000000)
  eden space 65536K, 0% used [0x00000000eb400000,0x00000000eb400000,0x00000000ef400000)
  from space 2560K, 99% used [0x00000000ef680000,0x00000000ef8ff258,0x00000000ef900000)
  to   space 2560K, 0% used [0x00000000ef400000,0x00000000ef400000,0x00000000ef680000)
 ParOldGen       total 44032K, used 7210K [0x00000000c1c00000, 0x00000000c4700000, 0x00000000eb400000)
  object space 44032K, 16% used [0x00000000c1c00000,0x00000000c230a938,0x00000000c4700000)
 Metaspace       used 13520K, capacity 13678K, committed 13824K, reserved 1060864K
  class space    used 1679K, capacity 1722K, committed 1792K, reserved 1048576K
}
Event: 7.434 GC heap before
{Heap before GC invocations=5 (full 0):
 PSYoungGen      total 68096K, used 45423K [0x00000000eb400000, 0x00000000ef900000, 0x0000000100000000)
  eden space 65536K, 65% used [0x00000000eb400000,0x00000000edddcbb0,0x00000000ef400000)
  from space 2560K, 99% used [0x00000000ef680000,0x00000000ef8ff258,0x00000000ef900000)
  to   space 2560K, 0% used [0x00000000ef400000,0x00000000ef400000,0x00000000ef680000)
 ParOldGen       total 44032K, used 7210K [0x00000000c1c00000, 0x00000000c4700000, 0x00000000eb400000)
  object space 44032K, 16% used [0x00000000c1c00000,0x00000000c230a938,0x00000000c4700000)
 Metaspace       used 20877K, capacity 21094K, committed 21296K, reserved 1069056K
  class space    used 2520K, capacity 2597K, committed 2688K, reserved 1048576K
Event: 7.457 GC heap after
Heap after GC invocations=5 (full 0):
 PSYoungGen      total 68096K, used 2552K [0x00000000eb400000, 0x00000000f4800000, 0x0000000100000000)
  eden space 65536K, 0% used [0x00000000eb400000,0x00000000eb400000,0x00000000ef400000)
  from space 2560K, 99% used [0x00000000ef400000,0x00000000ef67e030,0x00000000ef680000)
  to   space 10240K, 0% used [0x00000000f3e00000,0x00000000f3e00000,0x00000000f4800000)
 ParOldGen       total 44032K, used 13121K [0x00000000c1c00000, 0x00000000c4700000, 0x00000000eb400000)
  object space 44032K, 29% used [0x00000000c1c00000,0x00000000c28d06a0,0x00000000c4700000)
 Metaspace       used 20877K, capacity 21094K, committed 21296K, reserved 1069056K
  class space    used 2520K, capacity 2597K, committed 2688K, reserved 1048576K
}
Event: 7.457 GC heap before
{Heap before GC invocations=6 (full 1):
 PSYoungGen      total 68096K, used 2552K [0x00000000eb400000, 0x00000000f4800000, 0x0000000100000000)
  eden space 65536K, 0% used [0x00000000eb400000,0x00000000eb400000,0x00000000ef400000)
  from space 2560K, 99% used [0x00000000ef400000,0x00000000ef67e030,0x00000000ef680000)
  to   space 10240K, 0% used [0x00000000f3e00000,0x00000000f3e00000,0x00000000f4800000)
 ParOldGen       total 44032K, used 13121K [0x00000000c1c00000, 0x00000000c4700000, 0x00000000eb400000)
  object space 44032K, 29% used [0x00000000c1c00000,0x00000000c28d06a0,0x00000000c4700000)
 Metaspace       used 20877K, capacity 21094K, committed 21296K, reserved 1069056K
  class space    used 2520K, capacity 2597K, committed 2688K, reserved 1048576K
Event: 7.560 GC heap after
Heap after GC invocations=6 (full 1):
 PSYoungGen      total 68096K, used 0K [0x00000000eb400000, 0x00000000f4800000, 0x0000000100000000)
  eden space 65536K, 0% used [0x00000000eb400000,0x00000000eb400000,0x00000000ef400000)
  from space 2560K, 0% used [0x00000000ef400000,0x00000000ef400000,0x00000000ef680000)
  to   space 10240K, 0% used [0x00000000f3e00000,0x00000000f3e00000,0x00000000f4800000)
 ParOldGen       total 38400K, used 9047K [0x00000000c1c00000, 0x00000000c4180000, 0x00000000eb400000)
  object space 38400K, 23% used [0x00000000c1c00000,0x00000000c24d5c20,0x00000000c4180000)
 Metaspace       used 20877K, capacity 21094K, committed 21296K, reserved 1069056K
  class space    used 2520K, capacity 2597K, committed 2688K, reserved 1048576K
}

